(0000) 3000  0011000000000000 (  18)                 .ORIG x3000
(3000) 102F  0001000000101111 (  22)                 ADD   R0 R0 #15
(3001) 1025  0001000000100101 (  23)                 ADD   R0 R0 #5
(3002) B050  1011000001010000 (  24)                 STI   R0 COUNT
(3003) 5020  0101000000100000 (  25)                 AND   R0 R0 #0
(3004) 2046  0010000001000110 (  29)                 LD    R0 X
(3005) B04E  1011000001001110 (  30)                 STI   R0 XSAVE
(3006) A84C  1010100001001100 (  32) BEGIN           LDI   R4 COUNT
(3007) 1920  0001100100100000 (  33)                 ADD   R4 R4 #0
(3008) 043F  0000010000111111 (  34)                 BRZ   FIN
(3009) 5260  0101001001100000 (  36)                 AND   R1 R1 #0
(300A) 54A0  0101010010100000 (  37)                 AND   R2 R2 #0
(300B) 56E0  0101011011100000 (  38)                 AND   R3 R3 #0
(300C) 5920  0101100100100000 (  39)                 AND   R4 R4 #0
(300D) 5B60  0101101101100000 (  40)                 AND   R5 R5 #0
(300E) 5DA0  0101110110100000 (  41)                 AND   R6 R6 #0
(300F) 5FE0  0101111111100000 (  42)                 AND   R7 R7 #0
(3010) A043  1010000001000011 (  46)                 LDI   R0 XSAVE
(3011) 2237  0010001000110111 (  50)                 LD    R1 A
(3012) 2437  0010010000110111 (  54)                 LD    R2 M
(3013) 1902  0001100100000010 (  59)                 ADD   R4 R4 R2
(3014) 1B41  0001101101000001 (  60)                 ADD   R5 R5 R1
(3015) 486A  0100100001101010 (  61)                 JSR   DIV
(3016) 16C4  0001011011000100 (  62)                 ADD   R3 R3 R4
(3017) B636  1011011000110110 (  63)                 STI   R3 Q
(3018) 5920  0101100100100000 (  68)                 AND   R4 R4 #0
(3019) 5B60  0101101101100000 (  69)                 AND   R5 R5 #0
(301A) 1902  0001100100000010 (  71)                 ADD   R4 R4 R2
(301B) 1B41  0001101101000001 (  72)                 ADD   R5 R5 R1
(301C) 4863  0100100001100011 (  73)                 JSR   DIV
(301D) 1D85  0001110110000101 (  74)                 ADD   R6 R6 R5
(301E) BC30  1011110000110000 (  75)                 STI   R6 R
(301F) 5920  0101100100100000 (  79)                 AND   R4 R4 #0
(3020) 5B60  0101101101100000 (  80)                 AND   R5 R5 #0
(3021) 1900  0001100100000000 (  82)                 ADD   R4 R4 R0
(3022) 1B43  0001101101000011 (  83)                 ADD   R5 R5 R3
(3023) 485C  0100100001011100 (  84)                 JSR   DIV
(3024) 5920  0101100100100000 (  85)                 AND   R4 R4 #0
(3025) 1905  0001100100000101 (  86)                 ADD   R4 R4 R5
(3026) 5B60  0101101101100000 (  90)                 AND   R5 R5 #0
(3027) 1B41  0001101101000001 (  91)                 ADD   R5 R5 R1
(3028) 4834  0100100000110100 (  92)                 JSR   MULT
(3029) B826  1011100000100110 (  93)                 STI   R4 FINAL
(302A) 5920  0101100100100000 (  97)                 AND   R4 R4 #0
(302B) 5B60  0101101101100000 (  98)                 AND   R5 R5 #0
(302C) 1900  0001100100000000 ( 100)                 ADD   R4 R4 R0
(302D) 1B43  0001101101000011 ( 101)                 ADD   R5 R5 R3
(302E) 4851  0100100001010001 ( 103)                 JSR   DIV
(302F) 5B60  0101101101100000 ( 107)                 AND   R5 R5 #0
(3030) 1B46  0001101101000110 ( 108)                 ADD   R5 R5 R6
(3031) 482B  0100100000101011 ( 109)                 JSR   MULT
(3032) B81E  1011100000011110 ( 110)                 STI   R4 FINAL2
(3033) 5920  0101100100100000 ( 114)                 AND   R4 R4 #0
(3034) 5B60  0101101101100000 ( 115)                 AND   R5 R5 #0
(3035) A81A  1010100000011010 ( 117)                 LDI   R4 FINAL
(3036) AA1A  1010101000011010 ( 118)                 LDI   R5 FINAL2
(3037) 9B7F  1001101101111111 ( 120)                 NOT   R5 R5
(3038) 1B61  0001101101100001 ( 121)                 ADD   R5 R5 #1
(3039) 5260  0101001001100000 ( 123)                 AND   R1 R1 #0
(303A) 1305  0001001100000101 ( 124)                 ADD   R1 R4 R5
(303B) 1260  0001001001100000 ( 129)                 ADD   R1 R1 #0
(303C) 0601  0000011000000001 ( 130)                 BRZP  DONE
(303D) 1242  0001001001000010 ( 131)                 ADD   R1 R1 R2
(303E) B213  1011001000010011 ( 132) DONE            STI   R1 ANS
(303F) 5020  0101000000100000 ( 136)                 AND   R0 R0 #0
(3040) 1001  0001000000000001 ( 137)                 ADD   R0 R0 R1
(3041) B012  1011000000010010 ( 138)                 STI   R0 XSAVE
(3042) 4862  0100100001100010 ( 140)                 JSR   DISPLAY
(3043) 5920  0101100100100000 ( 142)                 AND   R4 R4 #0
(3044) A80E  1010100000001110 ( 143)                 LDI   R4 COUNT
(3045) 193F  0001100100111111 ( 144)                 ADD   R4 R4 #-1
(3046) B80C  1011100000001100 ( 145)                 STI   R4 COUNT
(3047) 0FBE  0000111110111110 ( 146)                 BRNZP BEGIN
(3048) F025  1111000000100101 ( 148) FIN             TRAP  x25
(3049) 0007  0000000000000111 ( 150) A               .FILL x0007
(304A) 7FFF  0111111111111111 ( 151) M               .FILL x7FFF
(304B) 0064  0000000001100100 ( 152) X               .FILL x0064
(304C) 002D  0000000000101101 ( 153) MINUS           .FILL x002D
(304D) 000A  0000000000001010 ( 154) RETURN          .FILL x000A
(304E) 3201  0011001000000001 ( 156) Q               .FILL x3201
(304F) 3202  0011001000000010 ( 157) R               .FILL x3202
(3050) 3203  0011001000000011 ( 158) FINAL           .FILL x3203
(3051) 3204  0011001000000100 ( 159) FINAL2          .FILL x3204
(3052) 3205  0011001000000101 ( 160) ANS             .FILL x3205
(3053) 3206  0011001000000110 ( 161) COUNT           .FILL x3206
(3054) 3207  0011001000000111 ( 162) XSAVE           .FILL x3207
(3055) 4000  0100000000000000 ( 163) BASE            .FILL x4000
(3056) C000  1100000000000000 ( 164) EMPTY           .FILL xC000
(3057) 3300  0011001100000000 ( 166) SAVE_R1         .FILL x3300
(3058) 3301  0011001100000001 ( 167) SAVE_R2         .FILL x3301
(3059) 3302  0011001100000010 ( 168) SAVE_R3         .FILL x3302
(305A) 3303  0011001100000011 ( 169) SAVE_R6         .FILL x3303
(305B) 3304  0011001100000100 ( 170) SAVE_R7         .FILL x3304
(305C) 3305  0011001100000101 ( 171) SAVE_R7B        .FILL x3305
(305D) B3F9  1011001111111001 ( 174) MULT            STI   R1 SAVE_R1
(305E) B5F9  1011010111111001 ( 175)                 STI   R2 SAVE_R2
(305F) B7F9  1011011111111001 ( 176)                 STI   R3 SAVE_R3
(3060) BDF9  1011110111111001 ( 177)                 STI   R6 SAVE_R6
(3061) BFF9  1011111111111001 ( 178)                 STI   R7 SAVE_R7
(3062) 16E1  0001011011100001 ( 180)                 ADD   R3 R3 #1
(3063) 5DA0  0101110110100000 ( 181)                 AND   R6 R6 #0
(3064) 1920  0001100100100000 ( 183)                 ADD   R4 R4 #0
(3065) 0604  0000011000000100 ( 184)                 BRZP  XDONE
(3066) 993F  1001100100111111 ( 185)                 NOT   R4 R4
(3067) 1921  0001100100100001 ( 186)                 ADD   R4 R4 #1
(3068) 96FF  1001011011111111 ( 188)                 NOT   R3 R3
(3069) 16E1  0001011011100001 ( 189)                 ADD   R3 R3 #1
(306A) 1B60  0001101101100000 ( 191) XDONE           ADD   R5 R5 #0
(306B) 0604  0000011000000100 ( 192)                 BRZP  MLOOP
(306C) 9B7F  1001101101111111 ( 193)                 NOT   R5 R5
(306D) 1B61  0001101101100001 ( 194)                 ADD   R5 R5 #1
(306E) 96FF  1001011011111111 ( 196)                 NOT   R3 R3
(306F) 16E1  0001011011100001 ( 197)                 ADD   R3 R3 #1
(3070) 1B60  0001101101100000 ( 199) MLOOP           ADD   R5 R5 #0
(3071) 0403  0000010000000011 ( 200)                 BRZ   MDONE
(3072) 1D84  0001110110000100 ( 201)                 ADD   R6 R6 R4
(3073) 1B7F  0001101101111111 ( 202)                 ADD   R5 R5 #-1
(3074) 0FFB  0000111111111011 ( 203)                 BRNZP MLOOP
(3075) 16E0  0001011011100000 ( 205) MDONE           ADD   R3 R3 #0
(3076) 0602  0000011000000010 ( 206)                 BRZP  STORE
(3077) 9DBF  1001110110111111 ( 207)                 NOT   R6 R6
(3078) 1DA1  0001110110100001 ( 208)                 ADD   R6 R6 #1
(3079) 19A0  0001100110100000 ( 210) STORE           ADD   R4 R6 #0
(307A) A3DC  1010001111011100 ( 212)                 LDI   R1 SAVE_R1
(307B) A5DC  1010010111011100 ( 213)                 LDI   R2 SAVE_R2
(307C) A7DC  1010011111011100 ( 214)                 LDI   R3 SAVE_R3
(307D) ADDC  1010110111011100 ( 215)                 LDI   R6 SAVE_R6
(307E) AFDC  1010111111011100 ( 216)                 LDI   R7 SAVE_R7
(307F) C1C0  1100000111000000 ( 218)                 RET   
(3080) B3D6  1011001111010110 ( 221) DIV             STI   R1 SAVE_R1
(3081) B5D6  1011010111010110 ( 222)                 STI   R2 SAVE_R2
(3082) B7D6  1011011111010110 ( 223)                 STI   R3 SAVE_R3
(3083) BDD6  1011110111010110 ( 224)                 STI   R6 SAVE_R6
(3084) BFD6  1011111111010110 ( 225)                 STI   R7 SAVE_R7
(3085) 5260  0101001001100000 ( 227)                 AND   R1 R1 #0
(3086) 54A0  0101010010100000 ( 228)                 AND   R2 R2 #0
(3087) 1320  0001001100100000 ( 229)                 ADD   R1 R4 #0
(3088) 1560  0001010101100000 ( 230)                 ADD   R2 R5 #0
(3089) 56E0  0101011011100000 ( 232)                 AND   R3 R3 #0
(308A) 5920  0101100100100000 ( 233)                 AND   R4 R4 #0
(308B) 5B60  0101101101100000 ( 234)                 AND   R5 R5 #0
(308C) 5DA0  0101110110100000 ( 235)                 AND   R6 R6 #0
(308D) 5FE0  0101111111100000 ( 236)                 AND   R7 R7 #0
(308E) 1260  0001001001100000 ( 238)                 ADD   R1 R1 #0
(308F) 0601  0000011000000001 ( 239)                 BRZP  XPOS
(3090) 5DA0  0101110110100000 ( 240)                 AND   R6 R6 #0
(3091) 14A0  0001010010100000 ( 242) XPOS            ADD   R2 R2 #0
(3092) 0201  0000001000000001 ( 243)                 BRP   YPOS
(3093) 54A0  0101010010100000 ( 244)                 AND   R2 R2 #0
(3094) 5DA1  0101110110100001 ( 246) YPOS            AND   R6 R6 #1
(3095) 1E60  0001111001100000 ( 247)                 ADD   R7 R1 #0
(3096) 16A0  0001011010100000 ( 248)                 ADD   R3 R2 #0
(3097) 96FF  1001011011111111 ( 249)                 NOT   R3 R3
(3098) 16E1  0001011011100001 ( 250)                 ADD   R3 R3 #1
(3099) 15C3  0001010111000011 ( 252) LOOP            ADD   R2 R7 R3
(309A) 0803  0000100000000011 ( 253)                 BRN   FINISH
(309B) 1FC3  0001111111000011 ( 254)                 ADD   R7 R7 R3
(309C) 1921  0001100100100001 ( 255)                 ADD   R4 R4 #1
(309D) 0FFB  0000111111111011 ( 256)                 BRNZP LOOP
(309E) 1BE0  0001101111100000 ( 258) FINISH          ADD   R5 R7 #0
(309F) A3B7  1010001110110111 ( 260)                 LDI   R1 SAVE_R1
(30A0) A5B7  1010010110110111 ( 261)                 LDI   R2 SAVE_R2
(30A1) A7B7  1010011110110111 ( 262)                 LDI   R3 SAVE_R3
(30A2) ADB7  1010110110110111 ( 263)                 LDI   R6 SAVE_R6
(30A3) AFB7  1010111110110111 ( 264)                 LDI   R7 SAVE_R7
(30A4) C1C0  1100000111000000 ( 266)                 RET   
(30A5) 5260  0101001001100000 ( 270) DISPLAY         AND   R1 R1 #0
(30A6) 54A0  0101010010100000 ( 271)                 AND   R2 R2 #0
(30A7) 56E0  0101011011100000 ( 272)                 AND   R3 R3 #0
(30A8) 5920  0101100100100000 ( 273)                 AND   R4 R4 #0
(30A9) 5B60  0101101101100000 ( 274)                 AND   R5 R5 #0
(30AA) 5DA0  0101110110100000 ( 275)                 AND   R6 R6 #0
(30AB) 2DA9  0010110110101001 ( 279)                 LD    R6 BASE
(30AC) 16C0  0001011011000000 ( 280)                 ADD   R3 R3 R0
(30AD) BFAE  1011111110101110 ( 281)                 STI   R7 SAVE_R7B
(30AE) 1243  0001001001000011 ( 288)                 ADD   R1 R1 R3
(30AF) 14A1  0001010010100001 ( 289)                 ADD   R2 R2 #1
(30B0) 16E0  0001011011100000 ( 291)                 ADD   R3 R3 #0
(30B1) 0604  0000011000000100 ( 292)                 BRZP  ISPOS
(30B2) 94BF  1001010010111111 ( 294)                 NOT   R2 R2
(30B3) 14A1  0001010010100001 ( 295)                 ADD   R2 R2 #1
(30B4) 927F  1001001001111111 ( 297)                 NOT   R1 R1
(30B5) 1261  0001001001100001 ( 298)                 ADD   R1 R1 #1
(30B6) 1260  0001001001100000 ( 300) ISPOS           ADD   R1 R1 #0
(30B7) 0A03  0000101000000011 ( 301)                 BRNP  NOTZ
(30B8) 1020  0001000000100000 ( 302)                 ADD   R0 R0 #0
(30B9) 4825  0100100000100101 ( 304)                 JSR   PUSH
(30BA) 0E0D  0000111000001101 ( 305)                 BRNZP OUT3
(30BB) 1260  0001001001100000 ( 307) NOTZ            ADD   R1 R1 #0
(30BC) 040B  0000010000001011 ( 308)                 BRZ   OUT3
(30BD) 5020  0101000000100000 ( 310)                 AND   R0 R0 #0
(30BE) 5920  0101100100100000 ( 311)                 AND   R4 R4 #0
(30BF) 5B60  0101101101100000 ( 312)                 AND   R5 R5 #0
(30C0) 1901  0001100100000001 ( 314)                 ADD   R4 R4 R1
(30C1) 1B6A  0001101101101010 ( 315)                 ADD   R5 R5 #10
(30C2) 4FBD  0100111110111101 ( 317)                 JSR   DIV
(30C3) 1005  0001000000000101 ( 319)                 ADD   R0 R0 R5
(30C4) 481A  0100100000011010 ( 321)                 JSR   PUSH
(30C5) 5260  0101001001100000 ( 323)                 AND   R1 R1 #0
(30C6) 1244  0001001001000100 ( 324)                 ADD   R1 R1 R4
(30C7) 0FF3  0000111111110011 ( 325)                 BRNZP NOTZ
(30C8) 14A0  0001010010100000 ( 327) OUT3            ADD   R2 R2 #0
(30C9) 0603  0000011000000011 ( 328)                 BRZP  OUT2
(30CA) 5020  0101000000100000 ( 329)                 AND   R0 R0 #0
(30CB) 2180  0010000110000000 ( 330)                 LD    R0 MINUS
(30CC) F021  1111000000100001 ( 331)                 TRAP  x21
(30CD) 4814  0100100000010100 ( 334) OUT2            JSR   ISEMPTY
(30CE) 1020  0001000000100000 ( 335)                 ADD   R0 R0 #0
(30CF) 0208  0000001000001000 ( 336)                 BRP   COMP
(30D0) 5020  0101000000100000 ( 337)                 AND   R0 R0 #0
(30D1) 480A  0100100000001010 ( 339)                 JSR   POP
(30D2) 102F  0001000000101111 ( 340)                 ADD   R0 R0 #15
(30D3) 102F  0001000000101111 ( 341)                 ADD   R0 R0 #15
(30D4) 102F  0001000000101111 ( 342)                 ADD   R0 R0 #15
(30D5) 1023  0001000000100011 ( 343)                 ADD   R0 R0 #3
(30D6) F021  1111000000100001 ( 345)                 TRAP  x21
(30D7) 0FF5  0000111111110101 ( 346)                 BRNZP OUT2
(30D8) 2174  0010000101110100 ( 349) COMP            LD    R0 RETURN
(30D9) F021  1111000000100001 ( 350)                 TRAP  x21
(30DA) AF81  1010111110000001 ( 351)                 LDI   R7 SAVE_R7B
(30DB) C1C0  1100000111000000 ( 352)                 RET   
(30DC) 6180  0110000110000000 ( 356) POP             LDR   R0 R6 #0
(30DD) 1DA1  0001110110100001 ( 357)                 ADD   R6 R6 #1
(30DE) C1C0  1100000111000000 ( 358)                 RET   
(30DF) 1DBF  0001110110111111 ( 361) PUSH            ADD   R6 R6 #-1
(30E0) 7180  0111000110000000 ( 362)                 STR   R0 R6 #0
(30E1) C1C0  1100000111000000 ( 363)                 RET   
(30E2) 2173  0010000101110011 ( 366) ISEMPTY         LD    R0 EMPTY
(30E3) 1180  0001000110000000 ( 367)                 ADD   R0 R6 R0
(30E4) 0402  0000010000000010 ( 368)                 BRZ   IS
(30E5) 1020  0001000000100000 ( 369)                 ADD   R0 R0 #0
(30E6) C1C0  1100000111000000 ( 370)                 RET   
(30E7) 5020  0101000000100000 ( 371) IS              AND   R0 R0 #0
(30E8) 1021  0001000000100001 ( 372)                 ADD   R0 R0 #1
(30E9) C1C0  1100000111000000 ( 373)                 RET   
