
SQL*Loader: Release 11.2.0.1.0 - Production on Sat Nov 16 14:35:08 2013

Copyright (c) 1982, 2009, Oracle and/or its affiliates.  All rights reserved.

Control File:   department.ctl
Data File:      department.dat
  Bad File:     department.bad
  Discard File:  none specified
 
 (Allow all discards)

Number to load: ALL
Number to skip: 0
Errors allowed: 50
Bind array:     64 rows, maximum of 256000 bytes
Continuation:    none specified
Path used:      Conventional

Table DEPARTMENT, loaded from every logical record.
Insert option in effect for this table: APPEND

   Column Name                  Position   Len  Term Encl Datatype
------------------------------ ---------- ----- ---- ---- ---------------------
DNAME                               FIRST     *   ,       CHARACTER            
DNUMBER                              NEXT     *   ,       CHARACTER            
MGRSSN                               NEXT     *   ,       CHARACTER            
MGRSTARTDATE                         NEXT     *   ,       CHARACTER            


Table DEPARTMENT:
  3 Rows successfully loaded.
  0 Rows not loaded due to data errors.
  0 Rows not loaded because all WHEN clauses were failed.
  0 Rows not loaded because all fields were null.


Space allocated for bind array:                  66048 bytes(64 rows)
Read   buffer bytes: 1048576

Total logical records skipped:          0
Total logical records read:             3
Total logical records rejected:         0
Total logical records discarded:        0

Run began on Sat Nov 16 14:35:08 2013
Run ended on Sat Nov 16 14:35:15 2013

Elapsed time was:     00:00:06.28
CPU time was:         00:00:00.02
