
SQL*Loader: Release 11.2.0.1.0 - Production on Sat Nov 16 14:35:59 2013

Copyright (c) 1982, 2009, Oracle and/or its affiliates.  All rights reserved.

Control File:   project.ctl
Data File:      project.dat
  Bad File:     project.bad
  Discard File:  none specified
 
 (Allow all discards)

Number to load: ALL
Number to skip: 0
Errors allowed: 50
Bind array:     64 rows, maximum of 256000 bytes
Continuation:    none specified
Path used:      Conventional

Table PROJECT, loaded from every logical record.
Insert option in effect for this table: APPEND

   Column Name                  Position   Len  Term Encl Datatype
------------------------------ ---------- ----- ---- ---- ---------------------
PNAME                               FIRST     *   ,       CHARACTER            
PNUMBER                              NEXT     *   ,       CHARACTER            
PLOCATION                            NEXT     *   ,       CHARACTER            
DNUM                                 NEXT     *   ,       CHARACTER            


Table PROJECT:
  6 Rows successfully loaded.
  0 Rows not loaded due to data errors.
  0 Rows not loaded because all WHEN clauses were failed.
  0 Rows not loaded because all fields were null.


Space allocated for bind array:                  66048 bytes(64 rows)
Read   buffer bytes: 1048576

Total logical records skipped:          0
Total logical records read:             6
Total logical records rejected:         0
Total logical records discarded:        0

Run began on Sat Nov 16 14:35:59 2013
Run ended on Sat Nov 16 14:36:05 2013

Elapsed time was:     00:00:05.96
CPU time was:         00:00:00.02
