
SQL*Loader: Release 11.2.0.1.0 - Production on Sat Nov 16 15:35:12 2013

Copyright (c) 1982, 2009, Oracle and/or its affiliates.  All rights reserved.

Control File:   works_on.ctl
Data File:      works_on.dat
  Bad File:     works_on.bad
  Discard File:  none specified
 
 (Allow all discards)

Number to load: ALL
Number to skip: 0
Errors allowed: 50
Bind array:     64 rows, maximum of 256000 bytes
Continuation:    none specified
Path used:      Conventional

Table WORKS_ON, loaded from every logical record.
Insert option in effect for this table: APPEND

   Column Name                  Position   Len  Term Encl Datatype
------------------------------ ---------- ----- ---- ---- ---------------------
ESSN                                FIRST     *   ,       CHARACTER            
PNO                                  NEXT     *   ,       CHARACTER            
HOURS                                NEXT     *   ,       CHARACTER            

Record 16: Rejected - Error on table WORKS_ON, column HOURS.
ORA-01400: cannot insert NULL into ("JSMALL"."WORKS_ON"."HOURS")


Table WORKS_ON:
  15 Rows successfully loaded.
  1 Row not loaded due to data errors.
  0 Rows not loaded because all WHEN clauses were failed.
  0 Rows not loaded because all fields were null.


Space allocated for bind array:                  49536 bytes(64 rows)
Read   buffer bytes: 1048576

Total logical records skipped:          0
Total logical records read:            16
Total logical records rejected:         1
Total logical records discarded:        0

Run began on Sat Nov 16 15:35:12 2013
Run ended on Sat Nov 16 15:35:18 2013

Elapsed time was:     00:00:06.55
CPU time was:         00:00:00.02
