Command line:
   pipeline_isim_beh.exe
     -simmode  gui
     -simrunnum  0
     -socket  65352

Wed Apr 18 13:26:30 2012


 Elaboration Time: 0.078 sec

 Current Memory Usage: 496.66 Meg

 Total Signals          : 33
 Total Nets             : 237
 Total Signal Drivers   : 12
 Total Blocks           : 9
 Total Primitive Blocks : 7
 Total Processes        : 21
 Total Traceable Variables  : 25
 Total Scalar Nets and Variables : 798
Total Line Count : 47

 Total Simulation Time: 0.078 sec

 Current Memory Usage: 496.66 Meg

Wed Apr 18 14:16:23 2012

