(0000) 3000  0011000000000000 (   1)                 .ORIG x3000
(3000) A21F  1010001000011111 (   3)                 LDI   R1 X
(3001) A41F  1010010000011111 (   4)                 LDI   R2 Y
(3002) 96BF  1001011010111111 (   8)                 NOT   R3 R2
(3003) 16E1  0001011011100001 (   9)                 ADD   R3 R3 #1
(3004) 1843  0001100001000011 (  10)                 ADD   R4 R1 R3
(3005) B81C  1011100000011100 (  11)                 STI   R4 X_Y
(3006) 1660  0001011001100000 (  15)                 ADD   R3 R1 #0
(3007) 0602  0000011000000010 (  16)                 BRZP  ABS1
(3008) 96FF  1001011011111111 (  17)                 NOT   R3 R3
(3009) 16E1  0001011011100001 (  18)                 ADD   R3 R3 #1
(300A) B618  1011011000011000 (  20) ABS1            STI   R3 absx
(300B) 16A0  0001011010100000 (  24)                 ADD   R3 R2 #0
(300C) 0602  0000011000000010 (  25)                 BRZP  ABS2
(300D) 96FF  1001011011111111 (  26)                 NOT   R3 R3
(300E) 16E1  0001011011100001 (  27)                 ADD   R3 R3 #1
(300F) B614  1011011000010100 (  29) ABS2            STI   R3 absy
(3010) A212  1010001000010010 (  33)                 LDI   R1 absx
(3011) A412  1010010000010010 (  34)                 LDI   R2 absy
(3012) 96BF  1001011010111111 (  36)                 NOT   R3 R2
(3013) 16E1  0001011011100001 (  37)                 ADD   R3 R3 #1
(3014) 1843  0001100001000011 (  38)                 ADD   R4 R1 R3
(3015) 0402  0000010000000010 (  39)                 BRZ   ZERO
(3016) 0803  0000100000000011 (  40)                 BRN   NEG
(3017) 0204  0000001000000100 (  41)                 BRP   POS
(3018) 1B60  0001101101100000 (  43) ZERO            ADD   R5 R5 #0
(3019) 0E04  0000111000000100 (  44)                 BRNZP DONE
(301A) 1B62  0001101101100010 (  46) NEG             ADD   R5 R5 #2
(301B) 0E02  0000111000000010 (  47)                 BRNZP DONE
(301C) 1B61  0001101101100001 (  49) POS             ADD   R5 R5 #1
(301D) 0E00  0000111000000000 (  50)                 BRNZP DONE
(301E) BA06  1011101000000110 (  52) DONE            STI   R5 lrg
(301F) F025  1111000000100101 (  54)                 TRAP  x25
(3020) 3120  0011000100100000 (  58) X               .FILL x3120
(3021) 3121  0011000100100001 (  59) Y               .FILL x3121
(3022) 3122  0011000100100010 (  60) X_Y             .FILL x3122
(3023) 3123  0011000100100011 (  61) absx            .FILL x3123
(3024) 3124  0011000100100100 (  62) absy            .FILL x3124
(3025) 3125  0011000100100101 (  63) lrg             .FILL x3125
