(0000) 3000  0011000000000000 (   3)                 .ORIG x3000
(3000) A207  1010001000000111 (   5)                 LDI   R1 X
(3001) A407  1010010000000111 (   6)                 LDI   R2 Y
(3002) 480A  0100100000001010 (   8)                 JSR   MULT
(3003) B606  1011011000000110 (   9)                 STI   R3 XY
(3004) 4823  0100100000100011 (  11)                 JSR   DIV
(3005) B805  1011100000000101 (  12)                 STI   R4 X_Y
(3006) BA05  1011101000000101 (  13)                 STI   R5 XMY
(3007) F025  1111000000100101 (  15)                 TRAP  x25
(3008) 3100  0011000100000000 (  17) X               .FILL x3100
(3009) 3101  0011000100000001 (  18) Y               .FILL x3101
(300A) 3102  0011000100000010 (  19) XY              .FILL x3102
(300B) 3103  0011000100000011 (  20) X_Y             .FILL x3103
(300C) 3104  0011000100000100 (  21) XMY             .FILL x3104
(300D) 16E1  0001011011100001 (  30) MULT            ADD   R3 R3 #1
(300E) 1860  0001100001100000 (  31)                 ADD   R4 R1 #0
(300F) 1AA0  0001101010100000 (  32)                 ADD   R5 R2 #0
(3010) 5DA0  0101110110100000 (  33)                 AND   R6 R6 #0
(3011) 1920  0001100100100000 (  35)                 ADD   R4 R4 #0
(3012) 0604  0000011000000100 (  36)                 BRZP  XDONE
(3013) 993F  1001100100111111 (  37)                 NOT   R4 R4
(3014) 1921  0001100100100001 (  38)                 ADD   R4 R4 #1
(3015) 96FF  1001011011111111 (  40)                 NOT   R3 R3
(3016) 16E1  0001011011100001 (  41)                 ADD   R3 R3 #1
(3017) 1B60  0001101101100000 (  43) XDONE           ADD   R5 R5 #0
(3018) 0604  0000011000000100 (  44)                 BRZP  MLOOP
(3019) 9B7F  1001101101111111 (  45)                 NOT   R5 R5
(301A) 1B61  0001101101100001 (  46)                 ADD   R5 R5 #1
(301B) 96FF  1001011011111111 (  48)                 NOT   R3 R3
(301C) 16E1  0001011011100001 (  49)                 ADD   R3 R3 #1
(301D) 1B60  0001101101100000 (  51) MLOOP           ADD   R5 R5 #0
(301E) 0403  0000010000000011 (  52)                 BRZ   MDONE
(301F) 1D84  0001110110000100 (  53)                 ADD   R6 R6 R4
(3020) 1B7F  0001101101111111 (  54)                 ADD   R5 R5 #-1
(3021) 0FFB  0000111111111011 (  55)                 BRNZP MLOOP
(3022) 16E0  0001011011100000 (  57) MDONE           ADD   R3 R3 #0
(3023) 0602  0000011000000010 (  58)                 BRZP  STORE
(3024) 9DBF  1001110110111111 (  59)                 NOT   R6 R6
(3025) 1DA1  0001110110100001 (  60)                 ADD   R6 R6 #1
(3026) 17A0  0001011110100000 (  62) STORE           ADD   R3 R6 #0
(3027) C1C0  1100000111000000 (  64)                 RET   
(3028) 56E0  0101011011100000 (  73) DIV             AND   R3 R3 #0
(3029) 5920  0101100100100000 (  74)                 AND   R4 R4 #0
(302A) 5B60  0101101101100000 (  75)                 AND   R5 R5 #0
(302B) 5DA0  0101110110100000 (  76)                 AND   R6 R6 #0
(302C) 1260  0001001001100000 (  78)                 ADD   R1 R1 #0
(302D) 0601  0000011000000001 (  79)                 BRZP  XPOS
(302E) 5DA0  0101110110100000 (  80)                 AND   R6 R6 #0
(302F) 54A0  0101010010100000 (  82) XPOS            AND   R2 R2 #0
(3030) 0201  0000001000000001 (  83)                 BRP   YPOS
(3031) 54A0  0101010010100000 (  84)                 AND   R2 R2 #0
(3032) 5DA1  0101110110100001 (  86) YPOS            AND   R6 R6 #1
(3033) 1E60  0001111001100000 (  87)                 ADD   R7 R1 #0
(3034) 56A0  0101011010100000 (  88)                 AND   R3 R2 #0
(3035) 96FF  1001011011111111 (  89)                 NOT   R3 R3
(3036) 16E1  0001011011100001 (  90)                 ADD   R3 R3 #1
(3037) 15C3  0001010111000011 (  92) LOOP            ADD   R2 R7 R3
(3038) 0803  0000100000000011 (  93)                 BRN   FINISH
(3039) 1FC3  0001111111000011 (  94)                 ADD   R7 R7 R3
(303A) 1921  0001100100100001 (  95)                 ADD   R4 R4 #1
(303B) 0FFB  0000111111111011 (  96)                 BRNZP LOOP
(303C) 1BE0  0001101111100000 (  98) FINISH          ADD   R5 R7 #0
(303D) C1C0  1100000111000000 ( 101)                 RET   
