(0000) 3100  0011000100000000 (  12)                 .ORIG x3100
(3100) E011  1110000000010001 (  14) RESTART         LEA   R0 ENTER
(3101) F022  1111000000100010 (  15)                 TRAP  x22
(3102) F020  1111000000100000 (  17)                 TRAP  x20
(3103) 1620  0001011000100000 (  18)                 ADD   R3 R0 #0
(3104) 16F0  0001011011110000 (  20)                 ADD   R3 R3 #-16
(3105) 16F0  0001011011110000 (  21)                 ADD   R3 R3 #-16
(3106) 16F0  0001011011110000 (  22)                 ADD   R3 R3 #-16
(3107) 18FA  0001100011111010 (  24)                 ADD   R4 R3 #-6
(3108) 0208  0000001000001000 (  25)                 BRP   INVALID
(3109) E01E  1110000000011110 (  27)                 LEA   R0 DAYS
(310A) 16E0  0001011011100000 (  28)                 ADD   R3 R3 #0
(310B) 0403  0000010000000011 (  30) LOOP            BRZ   DISPLAY
(310C) 102A  0001000000101010 (  31)                 ADD   R0 R0 #10
(310D) 16FF  0001011011111111 (  32)                 ADD   R3 R3 #-1
(310E) 0FFC  0000111111111100 (  33)                 BRNZP LOOP
(310F) F022  1111000000100010 (  35) DISPLAY         TRAP  x22
(3110) 0FEF  0000111111101111 (  36)                 BRNZP RESTART
(3111) F025  1111000000100101 (  38) INVALID         TRAP  x25
(3112) 0050  0000000001010000 (  40) ENTER           .FILL x0050
(3113) 006C  0000000001101100 (  40)                 .FILL x006C
(3114) 0065  0000000001100101 (  40)                 .FILL x0065
(3115) 0061  0000000001100001 (  40)                 .FILL x0061
(3116) 0073  0000000001110011 (  40)                 .FILL x0073
(3117) 0065  0000000001100101 (  40)                 .FILL x0065
(3118) 0020  0000000000100000 (  40)                 .FILL x0020
(3119) 0065  0000000001100101 (  40)                 .FILL x0065
(311A) 006E  0000000001101110 (  40)                 .FILL x006E
(311B) 0074  0000000001110100 (  40)                 .FILL x0074
(311C) 0065  0000000001100101 (  40)                 .FILL x0065
(311D) 0072  0000000001110010 (  40)                 .FILL x0072
(311E) 0020  0000000000100000 (  40)                 .FILL x0020
(311F) 006E  0000000001101110 (  40)                 .FILL x006E
(3120) 0075  0000000001110101 (  40)                 .FILL x0075
(3121) 006D  0000000001101101 (  40)                 .FILL x006D
(3122) 0062  0000000001100010 (  40)                 .FILL x0062
(3123) 0065  0000000001100101 (  40)                 .FILL x0065
(3124) 0072  0000000001110010 (  40)                 .FILL x0072
(3125) 003A  0000000000111010 (  40)                 .FILL x003A
(3126) 0020  0000000000100000 (  40)                 .FILL x0020
(3127) 0000  0000000000000000 (  40)                 .FILL x0000
(3128) 0053  0000000001010011 (  42) DAYS            .FILL x0053
(3129) 0075  0000000001110101 (  42)                 .FILL x0075
(312A) 006E  0000000001101110 (  42)                 .FILL x006E
(312B) 0064  0000000001100100 (  42)                 .FILL x0064
(312C) 0061  0000000001100001 (  42)                 .FILL x0061
(312D) 0079  0000000001111001 (  42)                 .FILL x0079
(312E) 0020  0000000000100000 (  42)                 .FILL x0020
(312F) 0020  0000000000100000 (  42)                 .FILL x0020
(3130) 0020  0000000000100000 (  42)                 .FILL x0020
(3131) 0000  0000000000000000 (  42)                 .FILL x0000
(3132) 004D  0000000001001101 (  43)                 .FILL x004D
(3133) 006F  0000000001101111 (  43)                 .FILL x006F
(3134) 006E  0000000001101110 (  43)                 .FILL x006E
(3135) 0064  0000000001100100 (  43)                 .FILL x0064
(3136) 0061  0000000001100001 (  43)                 .FILL x0061
(3137) 0079  0000000001111001 (  43)                 .FILL x0079
(3138) 0020  0000000000100000 (  43)                 .FILL x0020
(3139) 0020  0000000000100000 (  43)                 .FILL x0020
(313A) 0020  0000000000100000 (  43)                 .FILL x0020
(313B) 0000  0000000000000000 (  43)                 .FILL x0000
(313C) 0054  0000000001010100 (  44)                 .FILL x0054
(313D) 0075  0000000001110101 (  44)                 .FILL x0075
(313E) 0065  0000000001100101 (  44)                 .FILL x0065
(313F) 0073  0000000001110011 (  44)                 .FILL x0073
(3140) 0064  0000000001100100 (  44)                 .FILL x0064
(3141) 0061  0000000001100001 (  44)                 .FILL x0061
(3142) 0079  0000000001111001 (  44)                 .FILL x0079
(3143) 0020  0000000000100000 (  44)                 .FILL x0020
(3144) 0020  0000000000100000 (  44)                 .FILL x0020
(3145) 0000  0000000000000000 (  44)                 .FILL x0000
(3146) 0057  0000000001010111 (  45)                 .FILL x0057
(3147) 0065  0000000001100101 (  45)                 .FILL x0065
(3148) 0064  0000000001100100 (  45)                 .FILL x0064
(3149) 006E  0000000001101110 (  45)                 .FILL x006E
(314A) 0065  0000000001100101 (  45)                 .FILL x0065
(314B) 0073  0000000001110011 (  45)                 .FILL x0073
(314C) 0064  0000000001100100 (  45)                 .FILL x0064
(314D) 0061  0000000001100001 (  45)                 .FILL x0061
(314E) 0079  0000000001111001 (  45)                 .FILL x0079
(314F) 0000  0000000000000000 (  45)                 .FILL x0000
(3150) 0054  0000000001010100 (  46)                 .FILL x0054
(3151) 0068  0000000001101000 (  46)                 .FILL x0068
(3152) 0075  0000000001110101 (  46)                 .FILL x0075
(3153) 0072  0000000001110010 (  46)                 .FILL x0072
(3154) 0073  0000000001110011 (  46)                 .FILL x0073
(3155) 0064  0000000001100100 (  46)                 .FILL x0064
(3156) 0061  0000000001100001 (  46)                 .FILL x0061
(3157) 0079  0000000001111001 (  46)                 .FILL x0079
(3158) 0020  0000000000100000 (  46)                 .FILL x0020
(3159) 0000  0000000000000000 (  46)                 .FILL x0000
(315A) 0046  0000000001000110 (  47)                 .FILL x0046
(315B) 0072  0000000001110010 (  47)                 .FILL x0072
(315C) 0069  0000000001101001 (  47)                 .FILL x0069
(315D) 0064  0000000001100100 (  47)                 .FILL x0064
(315E) 0061  0000000001100001 (  47)                 .FILL x0061
(315F) 0079  0000000001111001 (  47)                 .FILL x0079
(3160) 0020  0000000000100000 (  47)                 .FILL x0020
(3161) 0020  0000000000100000 (  47)                 .FILL x0020
(3162) 0020  0000000000100000 (  47)                 .FILL x0020
(3163) 0000  0000000000000000 (  47)                 .FILL x0000
(3164) 0053  0000000001010011 (  48)                 .FILL x0053
(3165) 0061  0000000001100001 (  48)                 .FILL x0061
(3166) 0074  0000000001110100 (  48)                 .FILL x0074
(3167) 0075  0000000001110101 (  48)                 .FILL x0075
(3168) 0072  0000000001110010 (  48)                 .FILL x0072
(3169) 0064  0000000001100100 (  48)                 .FILL x0064
(316A) 0061  0000000001100001 (  48)                 .FILL x0061
(316B) 0079  0000000001111001 (  48)                 .FILL x0079
(316C) 0020  0000000000100000 (  48)                 .FILL x0020
(316D) 0000  0000000000000000 (  48)                 .FILL x0000
