(0000) 3000  0011000000000000 (  11)                 .ORIG x3000
(3000) A004  1010000000000100 (  13)                 LDI   R0 X
(3001) A204  1010001000000100 (  14)                 LDI   R1 Y
(3002) 4805  0100100000000101 (  16)                 JSR   MULT
(3003) B803  1011100000000011 (  17)                 STI   R4 XY
(3004) F025  1111000000100101 (  19)                 TRAP  x25
(3005) 3100  0011000100000000 (  21) X               .FILL x3100
(3006) 3101  0011000100000001 (  22) Y               .FILL x3101
(3007) 3102  0011000100000010 (  23) XY              .FILL x3102
(3008) 56E0  0101011011100000 (  35) MULT            AND   R3 R3 #0
(3009) 5DA0  0101110110100000 (  36)                 AND   R6 R6 #0
(300A) 54A0  0101010010100000 (  37)                 AND   R2 R2 #0
(300B) 5920  0101100100100000 (  38)                 AND   R4 R4 #0
(300C) 16E1  0001011011100001 (  39)                 ADD   R3 R3 #1
(300D) 14A1  0001010010100001 (  40)                 ADD   R2 R2 #1
(300E) 1DAE  0001110110101110 (  41)                 ADD   R6 R6 #14
(300F) 1020  0001000000100000 (  43)                 ADD   R0 R0 #0
(3010) 0604  0000011000000100 (  44)                 BRZP  XDONE
(3011) 903F  1001000000111111 (  46)                 NOT   R0 R0
(3012) 1021  0001000000100001 (  47)                 ADD   R0 R0 #1
(3013) 96FF  1001011011111111 (  48)                 NOT   R3 R3
(3014) 16E1  0001011011100001 (  49)                 ADD   R3 R3 #1
(3015) 1260  0001001001100000 (  51) XDONE           ADD   R1 R1 #0
(3016) 0604  0000011000000100 (  52)                 BRZP  MLOOP
(3017) 927F  1001001001111111 (  54)                 NOT   R1 R1
(3018) 1261  0001001001100001 (  55)                 ADD   R1 R1 #1
(3019) 96FF  1001011011111111 (  56)                 NOT   R3 R3
(301A) 16E1  0001011011100001 (  57)                 ADD   R3 R3 #1
(301B) 1DA0  0001110110100000 (  59) MLOOP           ADD   R6 R6 #0
(301C) 0807  0000100000000111 (  60)                 BRN   MDONE
(301D) 5A02  0101101000000010 (  62)                 AND   R5 R0 R2
(301E) 0401  0000010000000001 (  63)                 BRZ   ZERO
(301F) 1901  0001100100000001 (  65)                 ADD   R4 R4 R1
(3020) 1241  0001001001000001 (  67) ZERO            ADD   R1 R1 R1
(3021) 1DBF  0001110110111111 (  68)                 ADD   R6 R6 #-1
(3022) 1482  0001010010000010 (  69)                 ADD   R2 R2 R2
(3023) 0FF7  0000111111110111 (  70)                 BRNZP MLOOP
(3024) 16E0  0001011011100000 (  72) MDONE           ADD   R3 R3 #0
(3025) 0602  0000011000000010 (  73)                 BRZP  STORE
(3026) 993F  1001100100111111 (  75)                 NOT   R4 R4
(3027) 1921  0001100100100001 (  76)                 ADD   R4 R4 #1
(3028) C1C0  1100000111000000 (  78) STORE           RET   
