(0000) 3000  0011000000000000 (  13)                 .ORIG x3000
(3000) A847  1010100001000111 (  25)                 LDI   R4 YEAR
(3001) 5B60  0101101101100000 (  26)                 AND   R5 R5 #0
(3002) 1B6F  0001101101101111 (  27)                 ADD   R5 R5 #15
(3003) 1B6F  0001101101101111 (  28)                 ADD   R5 R5 #15
(3004) 1B6F  0001101101101111 (  29)                 ADD   R5 R5 #15
(3005) 1B6F  0001101101101111 (  30)                 ADD   R5 R5 #15
(3006) 1B6F  0001101101101111 (  31)                 ADD   R5 R5 #15
(3007) 1B6F  0001101101101111 (  32)                 ADD   R5 R5 #15
(3008) 1B6A  0001101101101010 (  33)                 ADD   R5 R5 #10
(3009) 48AD  0100100010101101 (  35)                 JSR   DIV
(300A) 5DA0  0101110110100000 (  37)                 AND   R6 R6 #0
(300B) 56E0  0101011011100000 (  38)                 AND   R3 R3 #0
(300C) 1D85  0001110110000101 (  40)                 ADD   R6 R6 R5
(300D) 16C4  0001011011000100 (  41)                 ADD   R3 R3 R4
(300E) A437  1010010000110111 (  45)                 LDI   R2 MONTH
(300F) 14BE  0001010010111110 (  47)                 ADD   R2 R2 #-2
(3010) 0202  0000001000000010 (  48)                 BRP   M_DONE
(3011) 14AC  0001010010101100 (  49)                 ADD   R2 R2 #12
(3012) 1DBF  0001110110111111 (  50)                 ADD   R6 R6 #-1
(3013) 5920  0101100100100000 (  55) M_DONE          AND   R4 R4 #0
(3014) 1902  0001100100000010 (  56)                 ADD   R4 R4 R2
(3015) 5B60  0101101101100000 (  57)                 AND   R5 R5 #0
(3016) 1B6D  0001101101101101 (  58)                 ADD   R5 R5 #13
(3017) 487C  0100100001111100 (  59)                 JSR   MULT
(3018) 1244  0001001001000100 (  60)                 ADD   R1 R1 R4
(3019) 127F  0001001001111111 (  64)                 ADD   R1 R1 #-1
(301A) 5920  0101100100100000 (  68)                 AND   R4 R4 #0
(301B) 5B60  0101101101100000 (  69)                 AND   R5 R5 #0
(301C) 1860  0001100001100000 (  71)                 ADD   R4 R1 #0
(301D) 1B65  0001101101100101 (  72)                 ADD   R5 R5 #5
(301E) 4898  0100100010011000 (  73)                 JSR   DIV
(301F) 5260  0101001001100000 (  75)                 AND   R1 R1 #0
(3020) 1244  0001001001000100 (  76)                 ADD   R1 R1 R4
(3021) A425  1010010000100101 (  79)                 LDI   R2 DAY
(3022) 1242  0001001001000010 (  80)                 ADD   R1 R1 R2
(3023) 1246  0001001001000110 (  84)                 ADD   R1 R1 R6
(3024) 5920  0101100100100000 (  88)                 AND   R4 R4 #0
(3025) 5B60  0101101101100000 (  89)                 AND   R5 R5 #0
(3026) 19A0  0001100110100000 (  91)                 ADD   R4 R6 #0
(3027) 1B64  0001101101100100 (  92)                 ADD   R5 R5 #4
(3028) 488E  0100100010001110 (  93)                 JSR   DIV
(3029) 1244  0001001001000100 (  94)                 ADD   R1 R1 R4
(302A) 5920  0101100100100000 (  98)                 AND   R4 R4 #0
(302B) 5B60  0101101101100000 (  99)                 AND   R5 R5 #0
(302C) 18E0  0001100011100000 ( 100)                 ADD   R4 R3 #0
(302D) 1B64  0001101101100100 ( 101)                 ADD   R5 R5 #4
(302E) 4888  0100100010001000 ( 102)                 JSR   DIV
(302F) 1244  0001001001000100 ( 103)                 ADD   R1 R1 R4
(3030) 5920  0101100100100000 ( 107)                 AND   R4 R4 #0
(3031) 5B60  0101101101100000 ( 108)                 AND   R5 R5 #0
(3032) 193E  0001100100111110 ( 109)                 ADD   R4 R4 #-2
(3033) 1B43  0001101101000011 ( 110)                 ADD   R5 R5 R3
(3034) 485F  0100100001011111 ( 111)                 JSR   MULT
(3035) 1244  0001001001000100 ( 112)                 ADD   R1 R1 R4
(3036) 1260  0001001001100000 ( 116) ENDLOOP         ADD   R1 R1 #0
(3037) 0602  0000011000000010 ( 117)                 BRZP  FINAL
(3038) 1267  0001001001100111 ( 118)                 ADD   R1 R1 #7
(3039) 0FFC  0000111111111100 ( 119)                 BRNZP ENDLOOP
(303A) 5920  0101100100100000 ( 121) FINAL           AND   R4 R4 #0
(303B) 5B60  0101101101100000 ( 122)                 AND   R5 R5 #0
(303C) 1860  0001100001100000 ( 123)                 ADD   R4 R1 #0
(303D) 1B67  0001101101100111 ( 124)                 ADD   R5 R5 #7
(303E) 4878  0100100001111000 ( 125)                 JSR   DIV
(303F) E00E  1110000000001110 ( 126)                 LEA   R0 DAYS
(3040) 0403  0000010000000011 ( 128) LOOP2           BRZ   DISPLAY
(3041) 102A  0001000000101010 ( 129)                 ADD   R0 R0 #10
(3042) 1B7F  0001101101111111 ( 130)                 ADD   R5 R5 #-1
(3043) 0FFC  0000111111111100 ( 131)                 BRNZP LOOP2
(3044) F022  1111000000100010 ( 133) DISPLAY         TRAP  x22
(3045) F025  1111000000100101 ( 136)                 TRAP  x25
(3046) 31F0  0011000111110000 ( 138) MONTH           .FILL x31F0
(3047) 31F1  0011000111110001 ( 139) DAY             .FILL x31F1
(3048) 31F2  0011000111110010 ( 140) YEAR            .FILL x31F2
(3049) 3200  0011001000000000 ( 141) SAVE_R1         .FILL x3200
(304A) 3201  0011001000000001 ( 142) SAVE_R2         .FILL x3201
(304B) 3202  0011001000000010 ( 143) SAVE_R3         .FILL x3202
(304C) 3203  0011001000000011 ( 144) SAVE_R6         .FILL x3203
(304D) 3204  0011001000000100 ( 145) SAVE_R7         .FILL x3204
(304E) 0053  0000000001010011 ( 147) DAYS            .FILL x0053
(304F) 0075  0000000001110101 ( 147)                 .FILL x0075
(3050) 006E  0000000001101110 ( 147)                 .FILL x006E
(3051) 0064  0000000001100100 ( 147)                 .FILL x0064
(3052) 0061  0000000001100001 ( 147)                 .FILL x0061
(3053) 0079  0000000001111001 ( 147)                 .FILL x0079
(3054) 0020  0000000000100000 ( 147)                 .FILL x0020
(3055) 0020  0000000000100000 ( 147)                 .FILL x0020
(3056) 0020  0000000000100000 ( 147)                 .FILL x0020
(3057) 0000  0000000000000000 ( 147)                 .FILL x0000
(3058) 004D  0000000001001101 ( 148)                 .FILL x004D
(3059) 006F  0000000001101111 ( 148)                 .FILL x006F
(305A) 006E  0000000001101110 ( 148)                 .FILL x006E
(305B) 0064  0000000001100100 ( 148)                 .FILL x0064
(305C) 0061  0000000001100001 ( 148)                 .FILL x0061
(305D) 0079  0000000001111001 ( 148)                 .FILL x0079
(305E) 0020  0000000000100000 ( 148)                 .FILL x0020
(305F) 0020  0000000000100000 ( 148)                 .FILL x0020
(3060) 0020  0000000000100000 ( 148)                 .FILL x0020
(3061) 0000  0000000000000000 ( 148)                 .FILL x0000
(3062) 0054  0000000001010100 ( 149)                 .FILL x0054
(3063) 0075  0000000001110101 ( 149)                 .FILL x0075
(3064) 0065  0000000001100101 ( 149)                 .FILL x0065
(3065) 0073  0000000001110011 ( 149)                 .FILL x0073
(3066) 0064  0000000001100100 ( 149)                 .FILL x0064
(3067) 0061  0000000001100001 ( 149)                 .FILL x0061
(3068) 0079  0000000001111001 ( 149)                 .FILL x0079
(3069) 0020  0000000000100000 ( 149)                 .FILL x0020
(306A) 0020  0000000000100000 ( 149)                 .FILL x0020
(306B) 0000  0000000000000000 ( 149)                 .FILL x0000
(306C) 0057  0000000001010111 ( 150)                 .FILL x0057
(306D) 0065  0000000001100101 ( 150)                 .FILL x0065
(306E) 0064  0000000001100100 ( 150)                 .FILL x0064
(306F) 006E  0000000001101110 ( 150)                 .FILL x006E
(3070) 0065  0000000001100101 ( 150)                 .FILL x0065
(3071) 0073  0000000001110011 ( 150)                 .FILL x0073
(3072) 0064  0000000001100100 ( 150)                 .FILL x0064
(3073) 0061  0000000001100001 ( 150)                 .FILL x0061
(3074) 0079  0000000001111001 ( 150)                 .FILL x0079
(3075) 0000  0000000000000000 ( 150)                 .FILL x0000
(3076) 0054  0000000001010100 ( 151)                 .FILL x0054
(3077) 0068  0000000001101000 ( 151)                 .FILL x0068
(3078) 0075  0000000001110101 ( 151)                 .FILL x0075
(3079) 0072  0000000001110010 ( 151)                 .FILL x0072
(307A) 0073  0000000001110011 ( 151)                 .FILL x0073
(307B) 0064  0000000001100100 ( 151)                 .FILL x0064
(307C) 0061  0000000001100001 ( 151)                 .FILL x0061
(307D) 0079  0000000001111001 ( 151)                 .FILL x0079
(307E) 0020  0000000000100000 ( 151)                 .FILL x0020
(307F) 0000  0000000000000000 ( 151)                 .FILL x0000
(3080) 0046  0000000001000110 ( 152)                 .FILL x0046
(3081) 0072  0000000001110010 ( 152)                 .FILL x0072
(3082) 0069  0000000001101001 ( 152)                 .FILL x0069
(3083) 0064  0000000001100100 ( 152)                 .FILL x0064
(3084) 0061  0000000001100001 ( 152)                 .FILL x0061
(3085) 0079  0000000001111001 ( 152)                 .FILL x0079
(3086) 0020  0000000000100000 ( 152)                 .FILL x0020
(3087) 0020  0000000000100000 ( 152)                 .FILL x0020
(3088) 0020  0000000000100000 ( 152)                 .FILL x0020
(3089) 0000  0000000000000000 ( 152)                 .FILL x0000
(308A) 0053  0000000001010011 ( 153)                 .FILL x0053
(308B) 0061  0000000001100001 ( 153)                 .FILL x0061
(308C) 0074  0000000001110100 ( 153)                 .FILL x0074
(308D) 0075  0000000001110101 ( 153)                 .FILL x0075
(308E) 0072  0000000001110010 ( 153)                 .FILL x0072
(308F) 0064  0000000001100100 ( 153)                 .FILL x0064
(3090) 0061  0000000001100001 ( 153)                 .FILL x0061
(3091) 0079  0000000001111001 ( 153)                 .FILL x0079
(3092) 0020  0000000000100000 ( 153)                 .FILL x0020
(3093) 0000  0000000000000000 ( 153)                 .FILL x0000
(3094) B3B4  1011001110110100 ( 162) MULT            STI   R1 SAVE_R1
(3095) B5B4  1011010110110100 ( 163)                 STI   R2 SAVE_R2
(3096) B7B4  1011011110110100 ( 164)                 STI   R3 SAVE_R3
(3097) BDB4  1011110110110100 ( 165)                 STI   R6 SAVE_R6
(3098) BFB4  1011111110110100 ( 166)                 STI   R7 SAVE_R7
(3099) 16E1  0001011011100001 ( 168)                 ADD   R3 R3 #1
(309A) 5DA0  0101110110100000 ( 169)                 AND   R6 R6 #0
(309B) 1920  0001100100100000 ( 171)                 ADD   R4 R4 #0
(309C) 0604  0000011000000100 ( 172)                 BRZP  XDONE
(309D) 993F  1001100100111111 ( 173)                 NOT   R4 R4
(309E) 1921  0001100100100001 ( 174)                 ADD   R4 R4 #1
(309F) 96FF  1001011011111111 ( 176)                 NOT   R3 R3
(30A0) 16E1  0001011011100001 ( 177)                 ADD   R3 R3 #1
(30A1) 1B60  0001101101100000 ( 179) XDONE           ADD   R5 R5 #0
(30A2) 0604  0000011000000100 ( 180)                 BRZP  MLOOP
(30A3) 9B7F  1001101101111111 ( 181)                 NOT   R5 R5
(30A4) 1B61  0001101101100001 ( 182)                 ADD   R5 R5 #1
(30A5) 96FF  1001011011111111 ( 184)                 NOT   R3 R3
(30A6) 16E1  0001011011100001 ( 185)                 ADD   R3 R3 #1
(30A7) 1B60  0001101101100000 ( 187) MLOOP           ADD   R5 R5 #0
(30A8) 0403  0000010000000011 ( 188)                 BRZ   MDONE
(30A9) 1D84  0001110110000100 ( 189)                 ADD   R6 R6 R4
(30AA) 1B7F  0001101101111111 ( 190)                 ADD   R5 R5 #-1
(30AB) 0FFB  0000111111111011 ( 191)                 BRNZP MLOOP
(30AC) 16E0  0001011011100000 ( 193) MDONE           ADD   R3 R3 #0
(30AD) 0602  0000011000000010 ( 194)                 BRZP  STORE
(30AE) 9DBF  1001110110111111 ( 195)                 NOT   R6 R6
(30AF) 1DA1  0001110110100001 ( 196)                 ADD   R6 R6 #1
(30B0) 19A0  0001100110100000 ( 198) STORE           ADD   R4 R6 #0
(30B1) A397  1010001110010111 ( 200)                 LDI   R1 SAVE_R1
(30B2) A597  1010010110010111 ( 201)                 LDI   R2 SAVE_R2
(30B3) A797  1010011110010111 ( 202)                 LDI   R3 SAVE_R3
(30B4) AD97  1010110110010111 ( 203)                 LDI   R6 SAVE_R6
(30B5) AF97  1010111110010111 ( 204)                 LDI   R7 SAVE_R7
(30B6) C1C0  1100000111000000 ( 206)                 RET   
(30B7) B391  1011001110010001 ( 217) DIV             STI   R1 SAVE_R1
(30B8) B591  1011010110010001 ( 218)                 STI   R2 SAVE_R2
(30B9) B791  1011011110010001 ( 219)                 STI   R3 SAVE_R3
(30BA) BD91  1011110110010001 ( 220)                 STI   R6 SAVE_R6
(30BB) BF91  1011111110010001 ( 221)                 STI   R7 SAVE_R7
(30BC) 5260  0101001001100000 ( 223)                 AND   R1 R1 #0
(30BD) 54A0  0101010010100000 ( 224)                 AND   R2 R2 #0
(30BE) 1320  0001001100100000 ( 225)                 ADD   R1 R4 #0
(30BF) 1560  0001010101100000 ( 226)                 ADD   R2 R5 #0
(30C0) 56E0  0101011011100000 ( 228)                 AND   R3 R3 #0
(30C1) 5920  0101100100100000 ( 229)                 AND   R4 R4 #0
(30C2) 5B60  0101101101100000 ( 230)                 AND   R5 R5 #0
(30C3) 5DA0  0101110110100000 ( 231)                 AND   R6 R6 #0
(30C4) 5FE0  0101111111100000 ( 232)                 AND   R7 R7 #0
(30C5) 1260  0001001001100000 ( 234)                 ADD   R1 R1 #0
(30C6) 0601  0000011000000001 ( 235)                 BRZP  XPOS
(30C7) 5DA0  0101110110100000 ( 236)                 AND   R6 R6 #0
(30C8) 14A0  0001010010100000 ( 238) XPOS            ADD   R2 R2 #0
(30C9) 0201  0000001000000001 ( 239)                 BRP   YPOS
(30CA) 54A0  0101010010100000 ( 240)                 AND   R2 R2 #0
(30CB) 5DA1  0101110110100001 ( 242) YPOS            AND   R6 R6 #1
(30CC) 1E60  0001111001100000 ( 243)                 ADD   R7 R1 #0
(30CD) 16A0  0001011010100000 ( 244)                 ADD   R3 R2 #0
(30CE) 96FF  1001011011111111 ( 245)                 NOT   R3 R3
(30CF) 16E1  0001011011100001 ( 246)                 ADD   R3 R3 #1
(30D0) 15C3  0001010111000011 ( 248) LOOP            ADD   R2 R7 R3
(30D1) 0803  0000100000000011 ( 249)                 BRN   FINISH
(30D2) 1FC3  0001111111000011 ( 250)                 ADD   R7 R7 R3
(30D3) 1921  0001100100100001 ( 251)                 ADD   R4 R4 #1
(30D4) 0FFB  0000111111111011 ( 252)                 BRNZP LOOP
(30D5) 1BE0  0001101111100000 ( 254) FINISH          ADD   R5 R7 #0
(30D6) A372  1010001101110010 ( 256)                 LDI   R1 SAVE_R1
(30D7) A572  1010010101110010 ( 257)                 LDI   R2 SAVE_R2
(30D8) A772  1010011101110010 ( 258)                 LDI   R3 SAVE_R3
(30D9) AD72  1010110101110010 ( 259)                 LDI   R6 SAVE_R6
(30DA) AF72  1010111101110010 ( 260)                 LDI   R7 SAVE_R7
(30DB) C1C0  1100000111000000 ( 262)                 RET   
