
SQL*Loader: Release 11.2.0.1.0 - Production on Tue Nov 26 16:06:46 2013

Copyright (c) 1982, 2009, Oracle and/or its affiliates.  All rights reserved.

Control File:   sl_reminder.ctl
Data File:      sl_reminder.dat
  Bad File:     sl_reminder.bad
  Discard File:  none specified
 
 (Allow all discards)

Number to load: ALL
Number to skip: 0
Errors allowed: 50
Bind array:     64 rows, maximum of 256000 bytes
Continuation:    none specified
Path used:      Conventional

Table REMINDER, loaded from every logical record.
Insert option in effect for this table: APPEND

   Column Name                  Position   Len  Term Encl Datatype
------------------------------ ---------- ----- ---- ---- ---------------------
REMINDER_DATE                       FIRST     *   /       CHARACTER            
INVOICE_NUMBER                       NEXT     *   /       CHARACTER            


Table REMINDER:
  17 Rows successfully loaded.
  0 Rows not loaded due to data errors.
  0 Rows not loaded because all WHEN clauses were failed.
  0 Rows not loaded because all fields were null.


Space allocated for bind array:                  33024 bytes(64 rows)
Read   buffer bytes: 1048576

Total logical records skipped:          0
Total logical records read:            17
Total logical records rejected:         0
Total logical records discarded:        0

Run began on Tue Nov 26 16:06:46 2013
Run ended on Tue Nov 26 16:06:52 2013

Elapsed time was:     00:00:05.38
CPU time was:         00:00:00.01
