(0000) 0BB8  0000101110111000 (  15)                 .ORIG x0BB8
(0BB8) A21F  1010001000011111 (  19)                 LDI   R1 NUM
(0BB9) 1481  0001010010000001 (  21)                 ADD   R2 R2 R1
(0BBA) 14BE  0001010010111110 (  23)                 ADD   R2 R2 #-2
(0BBB) 0202  0000001000000010 (  24)                 BRP   POS
(0BBC) 16E1  0001011011100001 (  25)                 ADD   R3 R3 #1
(0BBD) 0E09  0000111000001001 (  26)                 BRNZP DONE
(0BBE) 1921  0001100100100001 (  29) POS             ADD   R4 R4 #1
(0BBF) 1B61  0001101101100001 (  30)                 ADD   R5 R5 #1
(0BC0) 127E  0001001001111110 (  32)                 ADD   R1 R1 #-2
(0BC1) 0405  0000010000000101 (  35) AGAIN           BRZ   DONE
(0BC2) 1705  0001011100000101 (  37)                 ADD   R3 R4 R5
(0BC3) 1960  0001100101100000 (  38)                 ADD   R4 R5 #0
(0BC4) 1AE0  0001101011100000 (  39)                 ADD   R5 R3 #0
(0BC5) 127F  0001001001111111 (  42)                 ADD   R1 R1 #-1
(0BC6) 0FFA  0000111111111010 (  43)                 BRNZP AGAIN
(0BC7) B611  1011011000010001 (  45) DONE            STI   R3 FIB
(0BC8) 5260  0101001001100000 (  50)                 AND   R1 R1 #0
(0BC9) 56E0  0101011011100000 (  51)                 AND   R3 R3 #0
(0BCA) 5920  0101100100100000 (  52)                 AND   R4 R4 #0
(0BCB) 5B60  0101101101100000 (  53)                 AND   R5 R5 #0
(0BCC) 1921  0001100100100001 (  55)                 ADD   R4 R4 #1
(0BCD) 1B61  0001101101100001 (  56)                 ADD   R5 R5 #1
(0BCE) 1262  0001001001100010 (  57)                 ADD   R1 R1 #2
(0BCF) 1705  0001011100000101 (  59) LOOP            ADD   R3 R4 R5
(0BD0) 0804  0000100000000100 (  60)                 BRN   EXIT
(0BD1) 1960  0001100101100000 (  62)                 ADD   R4 R5 #0
(0BD2) 1AE0  0001101011100000 (  63)                 ADD   R5 R3 #0
(0BD3) 1261  0001001001100001 (  65)                 ADD   R1 R1 #1
(0BD4) 0FFA  0000111111111010 (  66)                 BRNZP LOOP
(0BD5) B204  1011001000000100 (  68) EXIT            STI   R1 N
(0BD6) BA04  1011101000000100 (  69)                 STI   R5 FN
(0BD7) F025  1111000000100101 (  73)                 TRAP  x25
(0BD8) 3100  0011000100000000 (  75) NUM             .FILL x3100
(0BD9) 3101  0011000100000001 (  76) FIB             .FILL x3101
(0BDA) 3102  0011000100000010 (  77) N               .FILL x3102
(0BDB) 3103  0011000100000011 (  78) FN              .FILL x3103
